<?xml version="1.0" encoding="UTF-8"?>
<testng-results skipped="0" failed="0" ignored="0" total="1" passed="1">
  <reporter-output>
  </reporter-output>
  <suite name="Default suite" duration-ms="2478" started-at="2019-02-04T08:44:58Z" finished-at="2019-02-04T08:45:01Z">
    <groups>
    </groups>
    <test name="Default test" duration-ms="2478" started-at="2019-02-04T08:44:58Z" finished-at="2019-02-04T08:45:01Z">
      <class name="Rest.GetDetails">
        <test-method status="PASS" signature="GetWeatherDetails()[pri:0, instance:Rest.GetDetails@20e2cbe0]" name="GetWeatherDetails" duration-ms="2447" started-at="2019-02-04T08:44:58Z" finished-at="2019-02-04T08:45:01Z">
          <reporter-output>
          </reporter-output>
        </test-method> <!-- GetWeatherDetails -->
      </class> <!-- Rest.GetDetails -->
    </test> <!-- Default test -->
  </suite> <!-- Default suite -->
</testng-results>
